{"item": "smart ring", "user": 95, "date": "2023-10-01T16:43:10Z"}
{"item": "digital hygrometer", "user": 283, "date": "2023-10-01T16:43:10Z"}
{"item": "robotic prosthetic", "user": 428, "date": "2023-10-01T16:43:10Z"}
{"item": "smart lock", "user": 337, "date": "2023-10-01T16:43:10Z"}
{"item": "hard disk drive", "user": 309, "date": "2023-10-01T16:43:10Z"}
{"item": "action camera", "user": 718, "date": "2023-10-01T16:43:10Z"}
{"item": "robotic toy", "user": 130, "date": "2023-10-01T16:43:10Z"}
{"item": "GoPro camera", "user": 540, "date": "2023-10-01T16:43:10Z"}
{"item": "laser printer", "user": 235, "date": "2023-10-01T16:43:10Z"}
{"item": "action camera", "user": 620, "date": "2023-10-01T16:43:10Z"}
{"item": "solar calculator", "user": 304, "date": "2023-10-01T16:43:10Z"}
{"item": "wireless microphone", "user": 694, "date": "2023-10-01T16:43:10Z"}
{"item": "robotic software", "user": 608, "date": "2023-10-01T16:43:10Z"}
{"item": "laser pointer", "user": 842, "date": "2023-10-01T16:43:10Z"}
{"item": "e-reader", "user": 175, "date": "2023-10-01T16:43:10Z"}
{"item": "USB flash drive", "user": 767, "date": "2023-10-01T16:43:10Z"}
{"item": "robotic kit", "user": 751, "date": "2023-10-01T16:43:10Z"}
{"item": "microphone", "user": 216, "date": "2023-10-01T16:43:10Z"}
{"item": "smart mirror", "user": 829, "date": "2023-10-01T16:43:10Z"}
{"item": "solid-state drive", "user": 902, "date": "2023-10-01T16:43:10Z"}
{"item": "gaming headset", "user": 630, "date": "2023-10-01T16:43:10Z"}
{"item": "VR headset", "user": 966, "date": "2023-10-01T16:43:10Z"}
{"item": "robotic software", "user": 172, "date": "2023-10-01T16:43:10Z"}
{"item": "gaming mouse", "user": 741, "date": "2023-10-01T16:43:10Z"}
{"item": "action camera", "user": 340, "date": "2023-10-01T16:43:10Z"}
{"item": "robotic sensor", "user": 54, "date": "2023-10-01T16:43:10Z"}
{"item": "headphones", "user": 88, "date": "2023-10-01T16:43:10Z"}
{"item": "robotic exoskeleton", "user": 924, "date": "2023-10-01T16:43:10Z"}
{"item": "VR treadmill", "user": 200, "date": "2023-10-01T16:43:10Z"}
{"item": "computer case", "user": 645, "date": "2023-10-01T16:43:10Z"}
{"item": "VR headset", "user": 688, "date": "2023-10-01T16:43:10Z"}
{"item": "smart lock", "user": 219, "date": "2023-10-01T16:43:10Z"}
{"item": "graphing calculator", "user": 461, "date": "2023-10-01T16:43:10Z"}
{"item": "graphics card", "user": 57, "date": "2023-10-01T16:43:10Z"}
{"item": "RFID tag", "user": 917, "date": "2023-10-01T16:43:10Z"}
{"item": "digital oscilloscope", "user": 415, "date": "2023-10-01T16:43:10Z"}
{"item": "robotic kit", "user": 535, "date": "2023-10-01T16:43:10Z"}
{"item": "robotic toy", "user": 777, "date": "2023-10-01T16:43:10Z"}
{"item": "robot vacuum cleaner", "user": 247, "date": "2023-10-01T16:43:10Z"}
{"item": "smartwatch", "user": 254, "date": "2023-10-01T16:43:10Z"}
{"item": "Bluetooth headphones", "user": 476, "date": "2023-10-01T16:43:10Z"}
{"item": "game controller", "user": 545, "date": "2023-10-01T16:43:10Z"}
{"item": "GPS device", "user": 879, "date": "2023-10-01T16:43:10Z"}
{"item": "GoPro camera", "user": 760, "date": "2023-10-01T16:43:10Z"}
{"item": "signal analyzer", "user": 760, "date": "2023-10-01T16:43:10Z"}
{"item": "VR headset", "user": 684, "date": "2023-10-01T16:43:10Z"}
{"item": "motion sensor", "user": 326, "date": "2023-10-01T16:43:10Z"}
{"item": "circuit board", "user": 804, "date": "2023-10-01T16:43:10Z"}
{"item": "keyboard", "user": 957, "date": "2023-10-01T16:43:10Z"}
{"item": "VR treadmill", "user": 223, "date": "2023-10-01T16:43:10Z"}
