{"item": "home theater projector", "user": 525, "date": "2023-10-01T17:03:26Z"}
{"item": "power strip", "user": 844, "date": "2023-10-01T17:03:26Z"}
{"item": "keyboard", "user": 133, "date": "2023-10-01T17:03:26Z"}
{"item": "dual monitor stand", "user": 287, "date": "2023-10-01T17:03:26Z"}
{"item": "power supply unit", "user": 614, "date": "2023-10-01T17:03:26Z"}
{"item": "scientific calculator", "user": 586, "date": "2023-10-01T17:03:26Z"}
{"item": "wireless mouse", "user": 775, "date": "2023-10-01T17:03:26Z"}
{"item": "TV wall mount", "user": 9, "date": "2023-10-01T17:03:26Z"}
{"item": "action camera", "user": 195, "date": "2023-10-01T17:03:26Z"}
{"item": "smart gloves", "user": 806, "date": "2023-10-01T17:03:26Z"}
{"item": "microcontroller", "user": 552, "date": "2023-10-01T17:03:26Z"}
{"item": "digital hygrometer", "user": 862, "date": "2023-10-01T17:03:26Z"}
{"item": "computer case", "user": 796, "date": "2023-10-01T17:03:26Z"}
{"item": "USB microphone", "user": 550, "date": "2023-10-01T17:03:26Z"}
{"item": "headphones", "user": 651, "date": "2023-10-01T17:03:26Z"}
{"item": "smartwatch", "user": 755, "date": "2023-10-01T17:03:26Z"}
{"item": "smart ring", "user": 483, "date": "2023-10-01T17:03:26Z"}
{"item": "smart doorbell", "user": 130, "date": "2023-10-01T17:03:26Z"}
{"item": "Bluetooth headphones", "user": 458, "date": "2023-10-01T17:03:26Z"}
{"item": "robotic arm", "user": 732, "date": "2023-10-01T17:03:26Z"}
{"item": "stylus pen", "user": 158, "date": "2023-10-01T17:03:26Z"}
{"item": "smart doorbell", "user": 498, "date": "2023-10-01T17:03:26Z"}
{"item": "GPS device", "user": 843, "date": "2023-10-01T17:03:26Z"}
{"item": "RAM", "user": 913, "date": "2023-10-01T17:03:26Z"}
{"item": "ethernet cable", "user": 309, "date": "2023-10-01T17:03:26Z"}
{"item": "microSD card", "user": 596, "date": "2023-10-01T17:03:26Z"}
{"item": "Arduino board", "user": 28, "date": "2023-10-01T17:03:26Z"}
{"item": "fitness tracker", "user": 957, "date": "2023-10-01T17:03:26Z"}
{"item": "VR headset", "user": 868, "date": "2023-10-01T17:03:26Z"}
{"item": "smart plug", "user": 266, "date": "2023-10-01T17:03:26Z"}
{"item": "robotic software", "user": 564, "date": "2023-10-01T17:03:26Z"}
{"item": "USB microscope", "user": 457, "date": "2023-10-01T17:03:26Z"}
{"item": "circuit simulator", "user": 621, "date": "2023-10-01T17:03:26Z"}
{"item": "barcode printer", "user": 196, "date": "2023-10-01T17:03:26Z"}
{"item": "robotic toy", "user": 661, "date": "2023-10-01T17:03:26Z"}
{"item": "surround sound system", "user": 561, "date": "2023-10-01T17:03:26Z"}
{"item": "robotic prosthetic", "user": 148, "date": "2023-10-01T17:03:26Z"}
{"item": "USB microscope", "user": 84, "date": "2023-10-01T17:03:26Z"}
{"item": "home theater projector", "user": 112, "date": "2023-10-01T17:03:26Z"}
{"item": "drone", "user": 434, "date": "2023-10-01T17:03:26Z"}
{"item": "home theater projector", "user": 498, "date": "2023-10-01T17:03:26Z"}
{"item": "robotic kit", "user": 850, "date": "2023-10-01T17:03:26Z"}
{"item": "signal analyzer", "user": 368, "date": "2023-10-01T17:03:26Z"}
{"item": "smart gloves", "user": 219, "date": "2023-10-01T17:03:26Z"}
{"item": "circuit simulator", "user": 1000, "date": "2023-10-01T17:03:26Z"}
{"item": "e-reader", "user": 363, "date": "2023-10-01T17:03:26Z"}
{"item": "laser pointer", "user": 159, "date": "2023-10-01T17:03:26Z"}
{"item": "colorimeter", "user": 833, "date": "2023-10-01T17:03:26Z"}
{"item": "digital hygrometer", "user": 744, "date": "2023-10-01T17:03:26Z"}
{"item": "portable charger", "user": 203, "date": "2023-10-01T17:03:26Z"}
