{"item": "barometric pressure sensor", "user": 827, "date": "2023-10-01T17:11:57Z"}
{"item": "wireless earbuds", "user": 8, "date": "2023-10-01T17:11:57Z"}
{"item": "electronic scale", "user": 272, "date": "2023-10-01T17:11:57Z"}
{"item": "HDMI cable", "user": 796, "date": "2023-10-01T17:11:57Z"}
{"item": "wireless presenter", "user": 208, "date": "2023-10-01T17:11:58Z"}
{"item": "GPS tracker", "user": 364, "date": "2023-10-01T17:11:58Z"}
{"item": "video doorbell", "user": 750, "date": "2023-10-01T17:11:58Z"}
{"item": "drone", "user": 949, "date": "2023-10-01T17:11:58Z"}
{"item": "wireless presenter", "user": 330, "date": "2023-10-01T17:11:58Z"}
{"item": "VR headset", "user": 223, "date": "2023-10-01T17:11:58Z"}
{"item": "hard disk drive", "user": 496, "date": "2023-10-01T17:11:58Z"}
{"item": "laser printer", "user": 721, "date": "2023-10-01T17:11:58Z"}
{"item": "digital oscilloscope", "user": 894, "date": "2023-10-01T17:11:58Z"}
{"item": "gaming headset", "user": 809, "date": "2023-10-01T17:11:58Z"}
{"item": "gaming console", "user": 313, "date": "2023-10-01T17:11:58Z"}
{"item": "monitor", "user": 635, "date": "2023-10-01T17:11:58Z"}
{"item": "smart ring", "user": 456, "date": "2023-10-01T17:11:58Z"}
{"item": "wireless headphones", "user": 896, "date": "2023-10-01T17:11:58Z"}
{"item": "3D printing pen", "user": 16, "date": "2023-10-01T17:11:58Z"}
{"item": "USB hub", "user": 159, "date": "2023-10-01T17:11:58Z"}
{"item": "microcontroller", "user": 948, "date": "2023-10-01T17:11:58Z"}
{"item": "SIM card reader", "user": 737, "date": "2023-10-01T17:11:58Z"}
{"item": "action camera", "user": 229, "date": "2023-10-01T17:11:58Z"}
{"item": "microSD card", "user": 278, "date": "2023-10-01T17:11:58Z"}
{"item": "voice amplifier", "user": 637, "date": "2023-10-01T17:11:58Z"}
{"item": "robot lawn mower", "user": 473, "date": "2023-10-01T17:11:58Z"}
{"item": "robotic kit", "user": 480, "date": "2023-10-01T17:11:58Z"}
{"item": "solar calculator", "user": 603, "date": "2023-10-01T17:11:58Z"}
{"item": "microphone", "user": 391, "date": "2023-10-01T17:11:58Z"}
{"item": "3D printer", "user": 469, "date": "2023-10-01T17:11:58Z"}
{"item": "robotic arm", "user": 899, "date": "2023-10-01T17:11:58Z"}
{"item": "action camera", "user": 123, "date": "2023-10-01T17:11:58Z"}
{"item": "power strip", "user": 852, "date": "2023-10-01T17:11:58Z"}
{"item": "drone", "user": 370, "date": "2023-10-01T17:11:58Z"}
{"item": "home theater projector", "user": 783, "date": "2023-10-01T17:11:58Z"}
{"item": "wireless presenter", "user": 648, "date": "2023-10-01T17:11:58Z"}
{"item": "gaming keyboard", "user": 393, "date": "2023-10-01T17:11:58Z"}
{"item": "gaming mouse", "user": 183, "date": "2023-10-01T17:11:58Z"}
{"item": "tablet", "user": 87, "date": "2023-10-01T17:11:58Z"}
{"item": "barcode printer", "user": 779, "date": "2023-10-01T17:11:58Z"}
{"item": "printer ink", "user": 732, "date": "2023-10-01T17:11:58Z"}
{"item": "gaming keyboard", "user": 952, "date": "2023-10-01T17:11:58Z"}
{"item": "cord organizer", "user": 503, "date": "2023-10-01T17:11:58Z"}
{"item": "drone", "user": 412, "date": "2023-10-01T17:11:58Z"}
{"item": "wireless mouse", "user": 921, "date": "2023-10-01T17:11:58Z"}
{"item": "walkie-talkie", "user": 449, "date": "2023-10-01T17:11:58Z"}
{"item": "smart lock", "user": 208, "date": "2023-10-01T17:11:58Z"}
{"item": "barometric pressure sensor", "user": 802, "date": "2023-10-01T17:11:58Z"}
{"item": "game controller", "user": 886, "date": "2023-10-01T17:11:58Z"}
{"item": "mouse", "user": 759, "date": "2023-10-01T17:11:58Z"}
