{"item": "wireless headphones", "user": 942, "date": "2023-10-01T17:17:04Z"}
{"item": "RFID reader", "user": 256, "date": "2023-10-01T17:17:04Z"}
{"item": "cord organizer", "user": 486, "date": "2023-10-01T17:17:04Z"}
{"item": "smart glasses", "user": 469, "date": "2023-10-01T17:17:04Z"}
{"item": "3D printing pen", "user": 584, "date": "2023-10-01T17:17:04Z"}
{"item": "robot kit", "user": 964, "date": "2023-10-01T17:17:04Z"}
{"item": "barcode scanner", "user": 177, "date": "2023-10-01T17:17:04Z"}
{"item": "VR headset", "user": 735, "date": "2023-10-01T17:17:04Z"}
{"item": "portable SSD", "user": 404, "date": "2023-10-01T17:17:04Z"}
{"item": "smart glasses", "user": 563, "date": "2023-10-01T17:17:04Z"}
{"item": "TV wall mount", "user": 558, "date": "2023-10-01T17:17:04Z"}
{"item": "wireless presenter", "user": 261, "date": "2023-10-01T17:17:04Z"}
{"item": "circuit simulator", "user": 695, "date": "2023-10-01T17:17:04Z"}
{"item": "microSD card", "user": 754, "date": "2023-10-01T17:17:04Z"}
{"item": "tablet", "user": 808, "date": "2023-10-01T17:17:04Z"}
{"item": "digital microscope", "user": 628, "date": "2023-10-01T17:17:04Z"}
{"item": "portable SSD", "user": 216, "date": "2023-10-01T17:17:04Z"}
{"item": "ethernet cable", "user": 140, "date": "2023-10-01T17:17:04Z"}
{"item": "wireless mouse", "user": 783, "date": "2023-10-01T17:17:04Z"}
{"item": "mouse", "user": 680, "date": "2023-10-01T17:17:04Z"}
{"item": "wireless microphone", "user": 12, "date": "2023-10-01T17:17:04Z"}
{"item": "camera", "user": 41, "date": "2023-10-01T17:17:04Z"}
{"item": "wireless headphones", "user": 626, "date": "2023-10-01T17:17:04Z"}
{"item": "barcode scanner", "user": 365, "date": "2023-10-01T17:17:04Z"}
{"item": "universal remote", "user": 778, "date": "2023-10-01T17:17:04Z"}
{"item": "digital hygrometer", "user": 876, "date": "2023-10-01T17:17:04Z"}
{"item": "smart gloves", "user": 164, "date": "2023-10-01T17:17:04Z"}
{"item": "CNC machine", "user": 680, "date": "2023-10-01T17:17:04Z"}
{"item": "universal remote", "user": 800, "date": "2023-10-01T17:17:04Z"}
{"item": "digital photo frame", "user": 677, "date": "2023-10-01T17:17:04Z"}
{"item": "laptop", "user": 213, "date": "2023-10-01T17:17:04Z"}
{"item": "robotic controller", "user": 134, "date": "2023-10-01T17:17:04Z"}
{"item": "keyboard", "user": 623, "date": "2023-10-01T17:17:04Z"}
{"item": "robotic controller", "user": 15, "date": "2023-10-01T17:17:04Z"}
{"item": "RFID tag", "user": 639, "date": "2023-10-01T17:17:04Z"}
{"item": "graphing calculator", "user": 605, "date": "2023-10-01T17:17:04Z"}
{"item": "portable charger", "user": 586, "date": "2023-10-01T17:17:04Z"}
{"item": "gaming headset", "user": 668, "date": "2023-10-01T17:17:04Z"}
{"item": "hard disk drive", "user": 970, "date": "2023-10-01T17:17:04Z"}
{"item": "wireless headphones", "user": 183, "date": "2023-10-01T17:17:04Z"}
{"item": "smart belt", "user": 840, "date": "2023-10-01T17:17:04Z"}
{"item": "tablet", "user": 503, "date": "2023-10-01T17:17:04Z"}
{"item": "VR treadmill", "user": 4, "date": "2023-10-01T17:17:04Z"}
{"item": "smart plug", "user": 777, "date": "2023-10-01T17:17:04Z"}
{"item": "USB flash drive", "user": 755, "date": "2023-10-01T17:17:04Z"}
{"item": "wireless keyboard", "user": 129, "date": "2023-10-01T17:17:04Z"}
{"item": "microphone", "user": 70, "date": "2023-10-01T17:17:04Z"}
{"item": "digital photo frame", "user": 871, "date": "2023-10-01T17:17:04Z"}
{"item": "digital microscope", "user": 485, "date": "2023-10-01T17:17:04Z"}
{"item": "RAM", "user": 776, "date": "2023-10-01T17:17:04Z"}
